e:\program files (x86)\lucasarts\star wars jedi knight jedi academy (iii)\gamedata\ojpenhanced\jampgamex86.bsc
e:\program files (x86)\lucasarts\star wars jedi knight jedi academy (iii)\gamedata\source\debug\jk2game\vc143.pdb
e:\program files (x86)\lucasarts\star wars jedi knight jedi academy (iii)\gamedata\source\debug\jk2game\vc143.idb
e:\program files (x86)\lucasarts\star wars jedi knight jedi academy (iii)\gamedata\source\debug\jk2game\ai_aotc.sbr
e:\program files (x86)\lucasarts\star wars jedi knight jedi academy (iii)\gamedata\source\debug\jk2game\ai_hybrid.sbr
e:\program files (x86)\lucasarts\star wars jedi knight jedi academy (iii)\gamedata\source\debug\jk2game\ai_main.sbr
e:\program files (x86)\lucasarts\star wars jedi knight jedi academy (iii)\gamedata\source\debug\jk2game\ai_tab.sbr
e:\program files (x86)\lucasarts\star wars jedi knight jedi academy (iii)\gamedata\source\debug\jk2game\ai_util.sbr
e:\program files (x86)\lucasarts\star wars jedi knight jedi academy (iii)\gamedata\source\debug\jk2game\ai_wpnav.sbr
e:\program files (x86)\lucasarts\star wars jedi knight jedi academy (iii)\gamedata\source\debug\jk2game\animalnpc.sbr
e:\program files (x86)\lucasarts\star wars jedi knight jedi academy (iii)\gamedata\source\debug\jk2game\aotctc_holocron.sbr
e:\program files (x86)\lucasarts\star wars jedi knight jedi academy (iii)\gamedata\source\debug\jk2game\bg_g2_utils.sbr
e:\program files (x86)\lucasarts\star wars jedi knight jedi academy (iii)\gamedata\source\debug\jk2game\bg_misc.sbr
e:\program files (x86)\lucasarts\star wars jedi knight jedi academy (iii)\gamedata\source\debug\jk2game\bg_panimate.sbr
e:\program files (x86)\lucasarts\star wars jedi knight jedi academy (iii)\gamedata\source\debug\jk2game\bg_pmove.sbr
e:\program files (x86)\lucasarts\star wars jedi knight jedi academy (iii)\gamedata\source\debug\jk2game\bg_saber.sbr
e:\program files (x86)\lucasarts\star wars jedi knight jedi academy (iii)\gamedata\source\debug\jk2game\bg_saberload.sbr
e:\program files (x86)\lucasarts\star wars jedi knight jedi academy (iii)\gamedata\source\debug\jk2game\bg_saga.sbr
e:\program files (x86)\lucasarts\star wars jedi knight jedi academy (iii)\gamedata\source\debug\jk2game\bg_slidemove.sbr
e:\program files (x86)\lucasarts\star wars jedi knight jedi academy (iii)\gamedata\source\debug\jk2game\bg_vehicleload.sbr
e:\program files (x86)\lucasarts\star wars jedi knight jedi academy (iii)\gamedata\source\debug\jk2game\bg_weapons.sbr
e:\program files (x86)\lucasarts\star wars jedi knight jedi academy (iii)\gamedata\source\debug\jk2game\fighternpc.sbr
e:\program files (x86)\lucasarts\star wars jedi knight jedi academy (iii)\gamedata\source\debug\jk2game\g_active.sbr
e:\program files (x86)\lucasarts\star wars jedi knight jedi academy (iii)\gamedata\source\debug\jk2game\g_active.obj
e:\program files (x86)\lucasarts\star wars jedi knight jedi academy (iii)\gamedata\source\debug\jk2game\fighternpc.obj
e:\program files (x86)\lucasarts\star wars jedi knight jedi academy (iii)\gamedata\source\debug\jk2game\bg_weapons.obj
e:\program files (x86)\lucasarts\star wars jedi knight jedi academy (iii)\gamedata\source\debug\jk2game\bg_vehicleload.obj
e:\program files (x86)\lucasarts\star wars jedi knight jedi academy (iii)\gamedata\source\debug\jk2game\bg_slidemove.obj
e:\program files (x86)\lucasarts\star wars jedi knight jedi academy (iii)\gamedata\source\debug\jk2game\bg_saga.obj
e:\program files (x86)\lucasarts\star wars jedi knight jedi academy (iii)\gamedata\source\debug\jk2game\bg_saberload.obj
e:\program files (x86)\lucasarts\star wars jedi knight jedi academy (iii)\gamedata\source\debug\jk2game\bg_saber.obj
e:\program files (x86)\lucasarts\star wars jedi knight jedi academy (iii)\gamedata\source\debug\jk2game\bg_pmove.obj
e:\program files (x86)\lucasarts\star wars jedi knight jedi academy (iii)\gamedata\source\debug\jk2game\bg_panimate.obj
e:\program files (x86)\lucasarts\star wars jedi knight jedi academy (iii)\gamedata\source\debug\jk2game\bg_misc.obj
e:\program files (x86)\lucasarts\star wars jedi knight jedi academy (iii)\gamedata\source\debug\jk2game\bg_g2_utils.obj
e:\program files (x86)\lucasarts\star wars jedi knight jedi academy (iii)\gamedata\source\debug\jk2game\aotctc_holocron.obj
e:\program files (x86)\lucasarts\star wars jedi knight jedi academy (iii)\gamedata\source\debug\jk2game\animalnpc.obj
e:\program files (x86)\lucasarts\star wars jedi knight jedi academy (iii)\gamedata\source\debug\jk2game\ai_wpnav.obj
e:\program files (x86)\lucasarts\star wars jedi knight jedi academy (iii)\gamedata\source\debug\jk2game\ai_util.obj
e:\program files (x86)\lucasarts\star wars jedi knight jedi academy (iii)\gamedata\source\debug\jk2game\ai_tab.obj
e:\program files (x86)\lucasarts\star wars jedi knight jedi academy (iii)\gamedata\source\debug\jk2game\ai_main.obj
e:\program files (x86)\lucasarts\star wars jedi knight jedi academy (iii)\gamedata\source\debug\jk2game\ai_hybrid.obj
e:\program files (x86)\lucasarts\star wars jedi knight jedi academy (iii)\gamedata\source\debug\jk2game\ai_aotc.obj
e:\program files (x86)\lucasarts\star wars jedi knight jedi academy (iii)\gamedata\source\debug\jk2game\g_arenas.sbr
e:\program files (x86)\lucasarts\star wars jedi knight jedi academy (iii)\gamedata\source\debug\jk2game\g_autosave.sbr
e:\program files (x86)\lucasarts\star wars jedi knight jedi academy (iii)\gamedata\source\debug\jk2game\g_bot.sbr
e:\program files (x86)\lucasarts\star wars jedi knight jedi academy (iii)\gamedata\source\debug\jk2game\g_breakable.sbr
e:\program files (x86)\lucasarts\star wars jedi knight jedi academy (iii)\gamedata\source\debug\jk2game\g_camera.sbr
e:\program files (x86)\lucasarts\star wars jedi knight jedi academy (iii)\gamedata\source\debug\jk2game\g_client.sbr
e:\program files (x86)\lucasarts\star wars jedi knight jedi academy (iii)\gamedata\source\debug\jk2game\g_cmds.sbr
e:\program files (x86)\lucasarts\star wars jedi knight jedi academy (iii)\gamedata\source\debug\jk2game\g_combat.sbr
e:\program files (x86)\lucasarts\star wars jedi knight jedi academy (iii)\gamedata\source\debug\jk2game\g_crash.sbr
e:\program files (x86)\lucasarts\star wars jedi knight jedi academy (iii)\gamedata\source\debug\jk2game\g_dynmusic.sbr
e:\program files (x86)\lucasarts\star wars jedi knight jedi academy (iii)\gamedata\source\debug\jk2game\g_exphysics.sbr
e:\program files (x86)\lucasarts\star wars jedi knight jedi academy (iii)\gamedata\source\debug\jk2game\g_icaruscb.sbr
e:\program files (x86)\lucasarts\star wars jedi knight jedi academy (iii)\gamedata\source\debug\jk2game\g_items.sbr
e:\program files (x86)\lucasarts\star wars jedi knight jedi academy (iii)\gamedata\source\debug\jk2game\g_log.sbr
e:\program files (x86)\lucasarts\star wars jedi knight jedi academy (iii)\gamedata\source\debug\jk2game\g_main.sbr
e:\program files (x86)\lucasarts\star wars jedi knight jedi academy (iii)\gamedata\source\debug\jk2game\g_mem.sbr
e:\program files (x86)\lucasarts\star wars jedi knight jedi academy (iii)\gamedata\source\debug\jk2game\g_misc.sbr
e:\program files (x86)\lucasarts\star wars jedi knight jedi academy (iii)\gamedata\source\debug\jk2game\g_missile.sbr
e:\program files (x86)\lucasarts\star wars jedi knight jedi academy (iii)\gamedata\source\debug\jk2game\g_mover.sbr
e:\program files (x86)\lucasarts\star wars jedi knight jedi academy (iii)\gamedata\source\debug\jk2game\g_nav.sbr
e:\program files (x86)\lucasarts\star wars jedi knight jedi academy (iii)\gamedata\source\debug\jk2game\g_nav.obj
e:\program files (x86)\lucasarts\star wars jedi knight jedi academy (iii)\gamedata\source\debug\jk2game\g_mover.obj
e:\program files (x86)\lucasarts\star wars jedi knight jedi academy (iii)\gamedata\source\debug\jk2game\g_missile.obj
e:\program files (x86)\lucasarts\star wars jedi knight jedi academy (iii)\gamedata\source\debug\jk2game\g_misc.obj
e:\program files (x86)\lucasarts\star wars jedi knight jedi academy (iii)\gamedata\source\debug\jk2game\g_mem.obj
e:\program files (x86)\lucasarts\star wars jedi knight jedi academy (iii)\gamedata\source\debug\jk2game\g_main.obj
e:\program files (x86)\lucasarts\star wars jedi knight jedi academy (iii)\gamedata\source\debug\jk2game\g_log.obj
e:\program files (x86)\lucasarts\star wars jedi knight jedi academy (iii)\gamedata\source\debug\jk2game\g_items.obj
e:\program files (x86)\lucasarts\star wars jedi knight jedi academy (iii)\gamedata\source\debug\jk2game\g_icaruscb.obj
e:\program files (x86)\lucasarts\star wars jedi knight jedi academy (iii)\gamedata\source\debug\jk2game\g_exphysics.obj
e:\program files (x86)\lucasarts\star wars jedi knight jedi academy (iii)\gamedata\source\debug\jk2game\g_dynmusic.obj
e:\program files (x86)\lucasarts\star wars jedi knight jedi academy (iii)\gamedata\source\debug\jk2game\g_crash.obj
e:\program files (x86)\lucasarts\star wars jedi knight jedi academy (iii)\gamedata\source\debug\jk2game\g_combat.obj
e:\program files (x86)\lucasarts\star wars jedi knight jedi academy (iii)\gamedata\source\debug\jk2game\g_cmds.obj
e:\program files (x86)\lucasarts\star wars jedi knight jedi academy (iii)\gamedata\source\debug\jk2game\g_client.obj
e:\program files (x86)\lucasarts\star wars jedi knight jedi academy (iii)\gamedata\source\debug\jk2game\g_camera.obj
e:\program files (x86)\lucasarts\star wars jedi knight jedi academy (iii)\gamedata\source\debug\jk2game\g_breakable.obj
e:\program files (x86)\lucasarts\star wars jedi knight jedi academy (iii)\gamedata\source\debug\jk2game\g_bot.obj
e:\program files (x86)\lucasarts\star wars jedi knight jedi academy (iii)\gamedata\source\debug\jk2game\g_autosave.obj
e:\program files (x86)\lucasarts\star wars jedi knight jedi academy (iii)\gamedata\source\debug\jk2game\g_arenas.obj
e:\program files (x86)\lucasarts\star wars jedi knight jedi academy (iii)\gamedata\source\debug\jk2game\g_navnew.sbr
e:\program files (x86)\lucasarts\star wars jedi knight jedi academy (iii)\gamedata\source\debug\jk2game\g_object.sbr
e:\program files (x86)\lucasarts\star wars jedi knight jedi academy (iii)\gamedata\source\debug\jk2game\g_roff.sbr
e:\program files (x86)\lucasarts\star wars jedi knight jedi academy (iii)\gamedata\source\debug\jk2game\g_saberbeh.sbr
e:\program files (x86)\lucasarts\star wars jedi knight jedi academy (iii)\gamedata\source\debug\jk2game\g_saga.sbr
e:\program files (x86)\lucasarts\star wars jedi knight jedi academy (iii)\gamedata\source\debug\jk2game\g_session.sbr
e:\program files (x86)\lucasarts\star wars jedi knight jedi academy (iii)\gamedata\source\debug\jk2game\g_spawn.sbr
e:\program files (x86)\lucasarts\star wars jedi knight jedi academy (iii)\gamedata\source\debug\jk2game\g_strap.sbr
e:\program files (x86)\lucasarts\star wars jedi knight jedi academy (iii)\gamedata\source\debug\jk2game\g_svcmds.sbr
e:\program files (x86)\lucasarts\star wars jedi knight jedi academy (iii)\gamedata\source\debug\jk2game\g_syscalls.sbr
e:\program files (x86)\lucasarts\star wars jedi knight jedi academy (iii)\gamedata\source\debug\jk2game\g_target.sbr
e:\program files (x86)\lucasarts\star wars jedi knight jedi academy (iii)\gamedata\source\debug\jk2game\g_team.sbr
e:\program files (x86)\lucasarts\star wars jedi knight jedi academy (iii)\gamedata\source\debug\jk2game\g_timer.sbr
e:\program files (x86)\lucasarts\star wars jedi knight jedi academy (iii)\gamedata\source\debug\jk2game\g_trigger.sbr
e:\program files (x86)\lucasarts\star wars jedi knight jedi academy (iii)\gamedata\source\debug\jk2game\g_turret.sbr
e:\program files (x86)\lucasarts\star wars jedi knight jedi academy (iii)\gamedata\source\debug\jk2game\g_turret_g2.sbr
e:\program files (x86)\lucasarts\star wars jedi knight jedi academy (iii)\gamedata\source\debug\jk2game\g_utils.sbr
e:\program files (x86)\lucasarts\star wars jedi knight jedi academy (iii)\gamedata\source\debug\jk2game\g_vehicles.sbr
e:\program files (x86)\lucasarts\star wars jedi knight jedi academy (iii)\gamedata\source\debug\jk2game\g_vehicleturret.sbr
e:\program files (x86)\lucasarts\star wars jedi knight jedi academy (iii)\gamedata\source\debug\jk2game\g_weapon.sbr
e:\program files (x86)\lucasarts\star wars jedi knight jedi academy (iii)\gamedata\source\debug\jk2game\g_weapon.obj
e:\program files (x86)\lucasarts\star wars jedi knight jedi academy (iii)\gamedata\source\debug\jk2game\g_vehicleturret.obj
e:\program files (x86)\lucasarts\star wars jedi knight jedi academy (iii)\gamedata\source\debug\jk2game\g_vehicles.obj
e:\program files (x86)\lucasarts\star wars jedi knight jedi academy (iii)\gamedata\source\debug\jk2game\g_utils.obj
e:\program files (x86)\lucasarts\star wars jedi knight jedi academy (iii)\gamedata\source\debug\jk2game\g_turret_g2.obj
e:\program files (x86)\lucasarts\star wars jedi knight jedi academy (iii)\gamedata\source\debug\jk2game\g_turret.obj
e:\program files (x86)\lucasarts\star wars jedi knight jedi academy (iii)\gamedata\source\debug\jk2game\g_trigger.obj
e:\program files (x86)\lucasarts\star wars jedi knight jedi academy (iii)\gamedata\source\debug\jk2game\g_timer.obj
e:\program files (x86)\lucasarts\star wars jedi knight jedi academy (iii)\gamedata\source\debug\jk2game\g_team.obj
e:\program files (x86)\lucasarts\star wars jedi knight jedi academy (iii)\gamedata\source\debug\jk2game\g_target.obj
e:\program files (x86)\lucasarts\star wars jedi knight jedi academy (iii)\gamedata\source\debug\jk2game\g_syscalls.obj
e:\program files (x86)\lucasarts\star wars jedi knight jedi academy (iii)\gamedata\source\debug\jk2game\g_svcmds.obj
e:\program files (x86)\lucasarts\star wars jedi knight jedi academy (iii)\gamedata\source\debug\jk2game\g_strap.obj
e:\program files (x86)\lucasarts\star wars jedi knight jedi academy (iii)\gamedata\source\debug\jk2game\g_spawn.obj
e:\program files (x86)\lucasarts\star wars jedi knight jedi academy (iii)\gamedata\source\debug\jk2game\g_session.obj
e:\program files (x86)\lucasarts\star wars jedi knight jedi academy (iii)\gamedata\source\debug\jk2game\g_saga.obj
e:\program files (x86)\lucasarts\star wars jedi knight jedi academy (iii)\gamedata\source\debug\jk2game\g_saberbeh.obj
e:\program files (x86)\lucasarts\star wars jedi knight jedi academy (iii)\gamedata\source\debug\jk2game\g_roff.obj
e:\program files (x86)\lucasarts\star wars jedi knight jedi academy (iii)\gamedata\source\debug\jk2game\g_object.obj
e:\program files (x86)\lucasarts\star wars jedi knight jedi academy (iii)\gamedata\source\debug\jk2game\g_navnew.obj
e:\program files (x86)\lucasarts\star wars jedi knight jedi academy (iii)\gamedata\source\debug\jk2game\npc.sbr
e:\program files (x86)\lucasarts\star wars jedi knight jedi academy (iii)\gamedata\source\debug\jk2game\npc_ai_assassindroid.sbr
e:\program files (x86)\lucasarts\star wars jedi knight jedi academy (iii)\gamedata\source\debug\jk2game\npc_ai_atst.sbr
e:\program files (x86)\lucasarts\star wars jedi knight jedi academy (iii)\gamedata\source\debug\jk2game\npc_ai_civilian.sbr
e:\program files (x86)\lucasarts\star wars jedi knight jedi academy (iii)\gamedata\source\debug\jk2game\npc_ai_default.sbr
e:\program files (x86)\lucasarts\star wars jedi knight jedi academy (iii)\gamedata\source\debug\jk2game\npc_ai_droid.sbr
e:\program files (x86)\lucasarts\star wars jedi knight jedi academy (iii)\gamedata\source\debug\jk2game\npc_ai_galakmech.sbr
e:\program files (x86)\lucasarts\star wars jedi knight jedi academy (iii)\gamedata\source\debug\jk2game\npc_ai_grenadier.sbr
e:\program files (x86)\lucasarts\star wars jedi knight jedi academy (iii)\gamedata\source\debug\jk2game\npc_ai_howler.sbr
e:\program files (x86)\lucasarts\star wars jedi knight jedi academy (iii)\gamedata\source\debug\jk2game\npc_ai_imperialprobe.sbr
e:\program files (x86)\lucasarts\star wars jedi knight jedi academy (iii)\gamedata\source\debug\jk2game\npc_ai_interrogator.sbr
e:\program files (x86)\lucasarts\star wars jedi knight jedi academy (iii)\gamedata\source\debug\jk2game\npc_ai_jedi.sbr
e:\program files (x86)\lucasarts\star wars jedi knight jedi academy (iii)\gamedata\source\debug\jk2game\npc_ai_mark1.sbr
e:\program files (x86)\lucasarts\star wars jedi knight jedi academy (iii)\gamedata\source\debug\jk2game\npc_ai_mark2.sbr
e:\program files (x86)\lucasarts\star wars jedi knight jedi academy (iii)\gamedata\source\debug\jk2game\npc_ai_minemonster.sbr
e:\program files (x86)\lucasarts\star wars jedi knight jedi academy (iii)\gamedata\source\debug\jk2game\npc_ai_rancor.sbr
e:\program files (x86)\lucasarts\star wars jedi knight jedi academy (iii)\gamedata\source\debug\jk2game\npc_ai_remote.sbr
e:\program files (x86)\lucasarts\star wars jedi knight jedi academy (iii)\gamedata\source\debug\jk2game\npc_ai_rockettrooper.sbr
e:\program files (x86)\lucasarts\star wars jedi knight jedi academy (iii)\gamedata\source\debug\jk2game\npc_ai_saberdroid.sbr
e:\program files (x86)\lucasarts\star wars jedi knight jedi academy (iii)\gamedata\source\debug\jk2game\npc_ai_sand_creature.sbr
e:\program files (x86)\lucasarts\star wars jedi knight jedi academy (iii)\gamedata\source\debug\jk2game\npc_ai_sand_creature.obj
e:\program files (x86)\lucasarts\star wars jedi knight jedi academy (iii)\gamedata\source\debug\jk2game\npc_ai_saberdroid.obj
e:\program files (x86)\lucasarts\star wars jedi knight jedi academy (iii)\gamedata\source\debug\jk2game\npc_ai_rockettrooper.obj
e:\program files (x86)\lucasarts\star wars jedi knight jedi academy (iii)\gamedata\source\debug\jk2game\npc_ai_remote.obj
e:\program files (x86)\lucasarts\star wars jedi knight jedi academy (iii)\gamedata\source\debug\jk2game\npc_ai_rancor.obj
e:\program files (x86)\lucasarts\star wars jedi knight jedi academy (iii)\gamedata\source\debug\jk2game\npc_ai_minemonster.obj
e:\program files (x86)\lucasarts\star wars jedi knight jedi academy (iii)\gamedata\source\debug\jk2game\npc_ai_mark2.obj
e:\program files (x86)\lucasarts\star wars jedi knight jedi academy (iii)\gamedata\source\debug\jk2game\npc_ai_mark1.obj
e:\program files (x86)\lucasarts\star wars jedi knight jedi academy (iii)\gamedata\source\debug\jk2game\npc_ai_jedi.obj
e:\program files (x86)\lucasarts\star wars jedi knight jedi academy (iii)\gamedata\source\debug\jk2game\npc_ai_interrogator.obj
e:\program files (x86)\lucasarts\star wars jedi knight jedi academy (iii)\gamedata\source\debug\jk2game\npc_ai_imperialprobe.obj
e:\program files (x86)\lucasarts\star wars jedi knight jedi academy (iii)\gamedata\source\debug\jk2game\npc_ai_howler.obj
e:\program files (x86)\lucasarts\star wars jedi knight jedi academy (iii)\gamedata\source\debug\jk2game\npc_ai_grenadier.obj
e:\program files (x86)\lucasarts\star wars jedi knight jedi academy (iii)\gamedata\source\debug\jk2game\npc_ai_galakmech.obj
e:\program files (x86)\lucasarts\star wars jedi knight jedi academy (iii)\gamedata\source\debug\jk2game\npc_ai_droid.obj
e:\program files (x86)\lucasarts\star wars jedi knight jedi academy (iii)\gamedata\source\debug\jk2game\npc_ai_default.obj
e:\program files (x86)\lucasarts\star wars jedi knight jedi academy (iii)\gamedata\source\debug\jk2game\npc_ai_civilian.obj
e:\program files (x86)\lucasarts\star wars jedi knight jedi academy (iii)\gamedata\source\debug\jk2game\npc_ai_atst.obj
e:\program files (x86)\lucasarts\star wars jedi knight jedi academy (iii)\gamedata\source\debug\jk2game\npc_ai_assassindroid.obj
e:\program files (x86)\lucasarts\star wars jedi knight jedi academy (iii)\gamedata\source\debug\jk2game\npc.obj
e:\program files (x86)\lucasarts\star wars jedi knight jedi academy (iii)\gamedata\source\debug\jk2game\npc_ai_seeker.sbr
e:\program files (x86)\lucasarts\star wars jedi knight jedi academy (iii)\gamedata\source\debug\jk2game\npc_ai_sentry.sbr
e:\program files (x86)\lucasarts\star wars jedi knight jedi academy (iii)\gamedata\source\debug\jk2game\npc_ai_sniper.sbr
e:\program files (x86)\lucasarts\star wars jedi knight jedi academy (iii)\gamedata\source\debug\jk2game\npc_ai_stormtrooper.sbr
e:\program files (x86)\lucasarts\star wars jedi knight jedi academy (iii)\gamedata\source\debug\jk2game\npc_ai_utils.sbr
e:\program files (x86)\lucasarts\star wars jedi knight jedi academy (iii)\gamedata\source\debug\jk2game\npc_ai_wampa.sbr
e:\program files (x86)\lucasarts\star wars jedi knight jedi academy (iii)\gamedata\source\debug\jk2game\npc_behavior.sbr
e:\program files (x86)\lucasarts\star wars jedi knight jedi academy (iii)\gamedata\source\debug\jk2game\npc_combat.sbr
e:\program files (x86)\lucasarts\star wars jedi knight jedi academy (iii)\gamedata\source\debug\jk2game\npc_goal.sbr
e:\program files (x86)\lucasarts\star wars jedi knight jedi academy (iii)\gamedata\source\debug\jk2game\npc_misc.sbr
e:\program files (x86)\lucasarts\star wars jedi knight jedi academy (iii)\gamedata\source\debug\jk2game\npc_move.sbr
e:\program files (x86)\lucasarts\star wars jedi knight jedi academy (iii)\gamedata\source\debug\jk2game\npc_reactions.sbr
e:\program files (x86)\lucasarts\star wars jedi knight jedi academy (iii)\gamedata\source\debug\jk2game\npc_senses.sbr
e:\program files (x86)\lucasarts\star wars jedi knight jedi academy (iii)\gamedata\source\debug\jk2game\npc_sounds.sbr
e:\program files (x86)\lucasarts\star wars jedi knight jedi academy (iii)\gamedata\source\debug\jk2game\npc_spawn.sbr
e:\program files (x86)\lucasarts\star wars jedi knight jedi academy (iii)\gamedata\source\debug\jk2game\npc_stats.sbr
e:\program files (x86)\lucasarts\star wars jedi knight jedi academy (iii)\gamedata\source\debug\jk2game\npc_utils.sbr
e:\program files (x86)\lucasarts\star wars jedi knight jedi academy (iii)\gamedata\source\debug\jk2game\npc_vehicle.sbr
e:\program files (x86)\lucasarts\star wars jedi knight jedi academy (iii)\gamedata\source\debug\jk2game\q_math.sbr
e:\program files (x86)\lucasarts\star wars jedi knight jedi academy (iii)\gamedata\source\debug\jk2game\q_shared.sbr
e:\program files (x86)\lucasarts\star wars jedi knight jedi academy (iii)\gamedata\source\debug\jk2game\q_shared.obj
e:\program files (x86)\lucasarts\star wars jedi knight jedi academy (iii)\gamedata\source\debug\jk2game\q_math.obj
e:\program files (x86)\lucasarts\star wars jedi knight jedi academy (iii)\gamedata\source\debug\jk2game\npc_vehicle.obj
e:\program files (x86)\lucasarts\star wars jedi knight jedi academy (iii)\gamedata\source\debug\jk2game\npc_utils.obj
e:\program files (x86)\lucasarts\star wars jedi knight jedi academy (iii)\gamedata\source\debug\jk2game\npc_stats.obj
e:\program files (x86)\lucasarts\star wars jedi knight jedi academy (iii)\gamedata\source\debug\jk2game\npc_spawn.obj
e:\program files (x86)\lucasarts\star wars jedi knight jedi academy (iii)\gamedata\source\debug\jk2game\npc_sounds.obj
e:\program files (x86)\lucasarts\star wars jedi knight jedi academy (iii)\gamedata\source\debug\jk2game\npc_senses.obj
e:\program files (x86)\lucasarts\star wars jedi knight jedi academy (iii)\gamedata\source\debug\jk2game\npc_reactions.obj
e:\program files (x86)\lucasarts\star wars jedi knight jedi academy (iii)\gamedata\source\debug\jk2game\npc_move.obj
e:\program files (x86)\lucasarts\star wars jedi knight jedi academy (iii)\gamedata\source\debug\jk2game\npc_misc.obj
e:\program files (x86)\lucasarts\star wars jedi knight jedi academy (iii)\gamedata\source\debug\jk2game\npc_goal.obj
e:\program files (x86)\lucasarts\star wars jedi knight jedi academy (iii)\gamedata\source\debug\jk2game\npc_combat.obj
e:\program files (x86)\lucasarts\star wars jedi knight jedi academy (iii)\gamedata\source\debug\jk2game\npc_behavior.obj
e:\program files (x86)\lucasarts\star wars jedi knight jedi academy (iii)\gamedata\source\debug\jk2game\npc_ai_wampa.obj
e:\program files (x86)\lucasarts\star wars jedi knight jedi academy (iii)\gamedata\source\debug\jk2game\npc_ai_utils.obj
e:\program files (x86)\lucasarts\star wars jedi knight jedi academy (iii)\gamedata\source\debug\jk2game\npc_ai_stormtrooper.obj
e:\program files (x86)\lucasarts\star wars jedi knight jedi academy (iii)\gamedata\source\debug\jk2game\npc_ai_sniper.obj
e:\program files (x86)\lucasarts\star wars jedi knight jedi academy (iii)\gamedata\source\debug\jk2game\npc_ai_sentry.obj
e:\program files (x86)\lucasarts\star wars jedi knight jedi academy (iii)\gamedata\source\debug\jk2game\npc_ai_seeker.obj
e:\program files (x86)\lucasarts\star wars jedi knight jedi academy (iii)\gamedata\source\debug\jk2game\speedernpc.sbr
e:\program files (x86)\lucasarts\star wars jedi knight jedi academy (iii)\gamedata\source\debug\jk2game\tri_coll_test.sbr
e:\program files (x86)\lucasarts\star wars jedi knight jedi academy (iii)\gamedata\source\debug\jk2game\w_force.sbr
e:\program files (x86)\lucasarts\star wars jedi knight jedi academy (iii)\gamedata\source\debug\jk2game\w_saber.sbr
e:\program files (x86)\lucasarts\star wars jedi knight jedi academy (iii)\gamedata\source\debug\jk2game\walkernpc.sbr
e:\program files (x86)\lucasarts\star wars jedi knight jedi academy (iii)\gamedata\source\debug\jk2game\walkernpc.obj
e:\program files (x86)\lucasarts\star wars jedi knight jedi academy (iii)\gamedata\source\debug\jk2game\w_saber.obj
e:\program files (x86)\lucasarts\star wars jedi knight jedi academy (iii)\gamedata\source\debug\jk2game\w_force.obj
e:\program files (x86)\lucasarts\star wars jedi knight jedi academy (iii)\gamedata\source\debug\jk2game\tri_coll_test.obj
e:\program files (x86)\lucasarts\star wars jedi knight jedi academy (iii)\gamedata\source\debug\jk2game\speedernpc.obj
e:\program files (x86)\lucasarts\star wars jedi knight jedi academy (iii)\gamedata\source\debug\jampgamex86.lib
e:\program files (x86)\lucasarts\star wars jedi knight jedi academy (iii)\gamedata\source\debug\jampgamex86.exp
e:\program files (x86)\lucasarts\star wars jedi knight jedi academy (iii)\gamedata\source\debug\jk2game\jampgamex86.ilk
e:\program files (x86)\lucasarts\star wars jedi knight jedi academy (iii)\gamedata\ojpenhanced\jampgamex86.dll
e:\program files (x86)\lucasarts\star wars jedi knight jedi academy (iii)\gamedata\source\debug\jampgamex86.map
e:\program files (x86)\lucasarts\star wars jedi knight jedi academy (iii)\gamedata\source\debug\jampgamex86.pdb
e:\program files (x86)\lucasarts\star wars jedi knight jedi academy (iii)\gamedata\source\debug\jk2game\jk2game.tlog\bscmake.command.1.tlog
e:\program files (x86)\lucasarts\star wars jedi knight jedi academy (iii)\gamedata\source\debug\jk2game\jk2game.tlog\bscmake.read.1.tlog
e:\program files (x86)\lucasarts\star wars jedi knight jedi academy (iii)\gamedata\source\debug\jk2game\jk2game.tlog\bscmake.write.1.tlog
e:\program files (x86)\lucasarts\star wars jedi knight jedi academy (iii)\gamedata\source\debug\jk2game\jk2game.tlog\cl.command.1.tlog
e:\program files (x86)\lucasarts\star wars jedi knight jedi academy (iii)\gamedata\source\debug\jk2game\jk2game.tlog\cl.read.1.tlog
e:\program files (x86)\lucasarts\star wars jedi knight jedi academy (iii)\gamedata\source\debug\jk2game\jk2game.tlog\cl.write.1.tlog
e:\program files (x86)\lucasarts\star wars jedi knight jedi academy (iii)\gamedata\source\debug\jk2game\jk2game.tlog\jk2game.write.1u.tlog
e:\program files (x86)\lucasarts\star wars jedi knight jedi academy (iii)\gamedata\source\debug\jk2game\jk2game.tlog\link.command.1.tlog
e:\program files (x86)\lucasarts\star wars jedi knight jedi academy (iii)\gamedata\source\debug\jk2game\jk2game.tlog\link.read.1.tlog
e:\program files (x86)\lucasarts\star wars jedi knight jedi academy (iii)\gamedata\source\debug\jk2game\jk2game.tlog\link.write.1.tlog
