e:\program files (x86)\lucasarts\star wars jedi knight jedi academy (iii)\gamedata\ojpenhanced\cgamex86.bsc
e:\program files (x86)\lucasarts\star wars jedi knight jedi academy (iii)\gamedata\source\debug\jk2cgame\vc143.pdb
e:\program files (x86)\lucasarts\star wars jedi knight jedi academy (iii)\gamedata\source\debug\jk2cgame\vc143.idb
e:\program files (x86)\lucasarts\star wars jedi knight jedi academy (iii)\gamedata\source\debug\jk2cgame\animalnpc.sbr
e:\program files (x86)\lucasarts\star wars jedi knight jedi academy (iii)\gamedata\source\debug\jk2cgame\bg_g2_utils.sbr
e:\program files (x86)\lucasarts\star wars jedi knight jedi academy (iii)\gamedata\source\debug\jk2cgame\bg_misc.sbr
e:\program files (x86)\lucasarts\star wars jedi knight jedi academy (iii)\gamedata\source\debug\jk2cgame\bg_panimate.sbr
e:\program files (x86)\lucasarts\star wars jedi knight jedi academy (iii)\gamedata\source\debug\jk2cgame\bg_pmove.sbr
e:\program files (x86)\lucasarts\star wars jedi knight jedi academy (iii)\gamedata\source\debug\jk2cgame\bg_saber.sbr
e:\program files (x86)\lucasarts\star wars jedi knight jedi academy (iii)\gamedata\source\debug\jk2cgame\bg_saberload.sbr
e:\program files (x86)\lucasarts\star wars jedi knight jedi academy (iii)\gamedata\source\debug\jk2cgame\bg_saga.sbr
e:\program files (x86)\lucasarts\star wars jedi knight jedi academy (iii)\gamedata\source\debug\jk2cgame\bg_slidemove.sbr
e:\program files (x86)\lucasarts\star wars jedi knight jedi academy (iii)\gamedata\source\debug\jk2cgame\bg_vehicleload.sbr
e:\program files (x86)\lucasarts\star wars jedi knight jedi academy (iii)\gamedata\source\debug\jk2cgame\bg_weapons.sbr
e:\program files (x86)\lucasarts\star wars jedi knight jedi academy (iii)\gamedata\source\debug\jk2cgame\cg_camera.sbr
e:\program files (x86)\lucasarts\star wars jedi knight jedi academy (iii)\gamedata\source\debug\jk2cgame\cg_consolecmds.sbr
e:\program files (x86)\lucasarts\star wars jedi knight jedi academy (iii)\gamedata\source\debug\jk2cgame\cg_draw.sbr
e:\program files (x86)\lucasarts\star wars jedi knight jedi academy (iii)\gamedata\source\debug\jk2cgame\cg_drawtools.sbr
e:\program files (x86)\lucasarts\star wars jedi knight jedi academy (iii)\gamedata\source\debug\jk2cgame\cg_effects.sbr
e:\program files (x86)\lucasarts\star wars jedi knight jedi academy (iii)\gamedata\source\debug\jk2cgame\cg_ents.sbr
e:\program files (x86)\lucasarts\star wars jedi knight jedi academy (iii)\gamedata\source\debug\jk2cgame\cg_event.sbr
e:\program files (x86)\lucasarts\star wars jedi knight jedi academy (iii)\gamedata\source\debug\jk2cgame\cg_holster.sbr
e:\program files (x86)\lucasarts\star wars jedi knight jedi academy (iii)\gamedata\source\debug\jk2cgame\cg_info.sbr
e:\program files (x86)\lucasarts\star wars jedi knight jedi academy (iii)\gamedata\source\debug\jk2cgame\cg_info.obj
e:\program files (x86)\lucasarts\star wars jedi knight jedi academy (iii)\gamedata\source\debug\jk2cgame\cg_holster.obj
e:\program files (x86)\lucasarts\star wars jedi knight jedi academy (iii)\gamedata\source\debug\jk2cgame\cg_event.obj
e:\program files (x86)\lucasarts\star wars jedi knight jedi academy (iii)\gamedata\source\debug\jk2cgame\cg_ents.obj
e:\program files (x86)\lucasarts\star wars jedi knight jedi academy (iii)\gamedata\source\debug\jk2cgame\cg_effects.obj
e:\program files (x86)\lucasarts\star wars jedi knight jedi academy (iii)\gamedata\source\debug\jk2cgame\cg_drawtools.obj
e:\program files (x86)\lucasarts\star wars jedi knight jedi academy (iii)\gamedata\source\debug\jk2cgame\cg_draw.obj
e:\program files (x86)\lucasarts\star wars jedi knight jedi academy (iii)\gamedata\source\debug\jk2cgame\cg_consolecmds.obj
e:\program files (x86)\lucasarts\star wars jedi knight jedi academy (iii)\gamedata\source\debug\jk2cgame\cg_camera.obj
e:\program files (x86)\lucasarts\star wars jedi knight jedi academy (iii)\gamedata\source\debug\jk2cgame\bg_weapons.obj
e:\program files (x86)\lucasarts\star wars jedi knight jedi academy (iii)\gamedata\source\debug\jk2cgame\bg_vehicleload.obj
e:\program files (x86)\lucasarts\star wars jedi knight jedi academy (iii)\gamedata\source\debug\jk2cgame\bg_slidemove.obj
e:\program files (x86)\lucasarts\star wars jedi knight jedi academy (iii)\gamedata\source\debug\jk2cgame\bg_saga.obj
e:\program files (x86)\lucasarts\star wars jedi knight jedi academy (iii)\gamedata\source\debug\jk2cgame\bg_saberload.obj
e:\program files (x86)\lucasarts\star wars jedi knight jedi academy (iii)\gamedata\source\debug\jk2cgame\bg_saber.obj
e:\program files (x86)\lucasarts\star wars jedi knight jedi academy (iii)\gamedata\source\debug\jk2cgame\bg_pmove.obj
e:\program files (x86)\lucasarts\star wars jedi knight jedi academy (iii)\gamedata\source\debug\jk2cgame\bg_panimate.obj
e:\program files (x86)\lucasarts\star wars jedi knight jedi academy (iii)\gamedata\source\debug\jk2cgame\bg_misc.obj
e:\program files (x86)\lucasarts\star wars jedi knight jedi academy (iii)\gamedata\source\debug\jk2cgame\bg_g2_utils.obj
e:\program files (x86)\lucasarts\star wars jedi knight jedi academy (iii)\gamedata\source\debug\jk2cgame\animalnpc.obj
e:\program files (x86)\lucasarts\star wars jedi knight jedi academy (iii)\gamedata\source\debug\jk2cgame\cg_light.sbr
e:\program files (x86)\lucasarts\star wars jedi knight jedi academy (iii)\gamedata\source\debug\jk2cgame\cg_localents.sbr
e:\program files (x86)\lucasarts\star wars jedi knight jedi academy (iii)\gamedata\source\debug\jk2cgame\cg_main.sbr
e:\program files (x86)\lucasarts\star wars jedi knight jedi academy (iii)\gamedata\source\debug\jk2cgame\cg_marks.sbr
e:\program files (x86)\lucasarts\star wars jedi knight jedi academy (iii)\gamedata\source\debug\jk2cgame\cg_newdraw.sbr
e:\program files (x86)\lucasarts\star wars jedi knight jedi academy (iii)\gamedata\source\debug\jk2cgame\cg_players.sbr
e:\program files (x86)\lucasarts\star wars jedi knight jedi academy (iii)\gamedata\source\debug\jk2cgame\cg_playerstate.sbr
e:\program files (x86)\lucasarts\star wars jedi knight jedi academy (iii)\gamedata\source\debug\jk2cgame\cg_predict.sbr
e:\program files (x86)\lucasarts\star wars jedi knight jedi academy (iii)\gamedata\source\debug\jk2cgame\cg_saga.sbr
e:\program files (x86)\lucasarts\star wars jedi knight jedi academy (iii)\gamedata\source\debug\jk2cgame\cg_scoreboard.sbr
e:\program files (x86)\lucasarts\star wars jedi knight jedi academy (iii)\gamedata\source\debug\jk2cgame\cg_servercmds.sbr
e:\program files (x86)\lucasarts\star wars jedi knight jedi academy (iii)\gamedata\source\debug\jk2cgame\cg_snapshot.sbr
e:\program files (x86)\lucasarts\star wars jedi knight jedi academy (iii)\gamedata\source\debug\jk2cgame\cg_strap.sbr
e:\program files (x86)\lucasarts\star wars jedi knight jedi academy (iii)\gamedata\source\debug\jk2cgame\cg_syscalls.sbr
e:\program files (x86)\lucasarts\star wars jedi knight jedi academy (iii)\gamedata\source\debug\jk2cgame\cg_turret.sbr
e:\program files (x86)\lucasarts\star wars jedi knight jedi academy (iii)\gamedata\source\debug\jk2cgame\cg_view.sbr
e:\program files (x86)\lucasarts\star wars jedi knight jedi academy (iii)\gamedata\source\debug\jk2cgame\cg_weaponinit.sbr
e:\program files (x86)\lucasarts\star wars jedi knight jedi academy (iii)\gamedata\source\debug\jk2cgame\cg_weapons.sbr
e:\program files (x86)\lucasarts\star wars jedi knight jedi academy (iii)\gamedata\source\debug\jk2cgame\fighternpc.sbr
e:\program files (x86)\lucasarts\star wars jedi knight jedi academy (iii)\gamedata\source\debug\jk2cgame\fx_blaster.sbr
e:\program files (x86)\lucasarts\star wars jedi knight jedi academy (iii)\gamedata\source\debug\jk2cgame\fx_blaster.obj
e:\program files (x86)\lucasarts\star wars jedi knight jedi academy (iii)\gamedata\source\debug\jk2cgame\fighternpc.obj
e:\program files (x86)\lucasarts\star wars jedi knight jedi academy (iii)\gamedata\source\debug\jk2cgame\cg_weapons.obj
e:\program files (x86)\lucasarts\star wars jedi knight jedi academy (iii)\gamedata\source\debug\jk2cgame\cg_weaponinit.obj
e:\program files (x86)\lucasarts\star wars jedi knight jedi academy (iii)\gamedata\source\debug\jk2cgame\cg_view.obj
e:\program files (x86)\lucasarts\star wars jedi knight jedi academy (iii)\gamedata\source\debug\jk2cgame\cg_turret.obj
e:\program files (x86)\lucasarts\star wars jedi knight jedi academy (iii)\gamedata\source\debug\jk2cgame\cg_syscalls.obj
e:\program files (x86)\lucasarts\star wars jedi knight jedi academy (iii)\gamedata\source\debug\jk2cgame\cg_strap.obj
e:\program files (x86)\lucasarts\star wars jedi knight jedi academy (iii)\gamedata\source\debug\jk2cgame\cg_snapshot.obj
e:\program files (x86)\lucasarts\star wars jedi knight jedi academy (iii)\gamedata\source\debug\jk2cgame\cg_servercmds.obj
e:\program files (x86)\lucasarts\star wars jedi knight jedi academy (iii)\gamedata\source\debug\jk2cgame\cg_scoreboard.obj
e:\program files (x86)\lucasarts\star wars jedi knight jedi academy (iii)\gamedata\source\debug\jk2cgame\cg_saga.obj
e:\program files (x86)\lucasarts\star wars jedi knight jedi academy (iii)\gamedata\source\debug\jk2cgame\cg_predict.obj
e:\program files (x86)\lucasarts\star wars jedi knight jedi academy (iii)\gamedata\source\debug\jk2cgame\cg_playerstate.obj
e:\program files (x86)\lucasarts\star wars jedi knight jedi academy (iii)\gamedata\source\debug\jk2cgame\cg_players.obj
e:\program files (x86)\lucasarts\star wars jedi knight jedi academy (iii)\gamedata\source\debug\jk2cgame\cg_newdraw.obj
e:\program files (x86)\lucasarts\star wars jedi knight jedi academy (iii)\gamedata\source\debug\jk2cgame\cg_marks.obj
e:\program files (x86)\lucasarts\star wars jedi knight jedi academy (iii)\gamedata\source\debug\jk2cgame\cg_main.obj
e:\program files (x86)\lucasarts\star wars jedi knight jedi academy (iii)\gamedata\source\debug\jk2cgame\cg_localents.obj
e:\program files (x86)\lucasarts\star wars jedi knight jedi academy (iii)\gamedata\source\debug\jk2cgame\cg_light.obj
e:\program files (x86)\lucasarts\star wars jedi knight jedi academy (iii)\gamedata\source\debug\jk2cgame\fx_bowcaster.sbr
e:\program files (x86)\lucasarts\star wars jedi knight jedi academy (iii)\gamedata\source\debug\jk2cgame\fx_bryarpistol.sbr
e:\program files (x86)\lucasarts\star wars jedi knight jedi academy (iii)\gamedata\source\debug\jk2cgame\fx_demp2.sbr
e:\program files (x86)\lucasarts\star wars jedi knight jedi academy (iii)\gamedata\source\debug\jk2cgame\fx_disruptor.sbr
e:\program files (x86)\lucasarts\star wars jedi knight jedi academy (iii)\gamedata\source\debug\jk2cgame\fx_flechette.sbr
e:\program files (x86)\lucasarts\star wars jedi knight jedi academy (iii)\gamedata\source\debug\jk2cgame\fx_force.sbr
e:\program files (x86)\lucasarts\star wars jedi knight jedi academy (iii)\gamedata\source\debug\jk2cgame\fx_heavyrepeater.sbr
e:\program files (x86)\lucasarts\star wars jedi knight jedi academy (iii)\gamedata\source\debug\jk2cgame\fx_rocketlauncher.sbr
e:\program files (x86)\lucasarts\star wars jedi knight jedi academy (iii)\gamedata\source\debug\jk2cgame\q_math.sbr
e:\program files (x86)\lucasarts\star wars jedi knight jedi academy (iii)\gamedata\source\debug\jk2cgame\q_shared.sbr
e:\program files (x86)\lucasarts\star wars jedi knight jedi academy (iii)\gamedata\source\debug\jk2cgame\speedernpc.sbr
e:\program files (x86)\lucasarts\star wars jedi knight jedi academy (iii)\gamedata\source\debug\jk2cgame\ui_shared.sbr
e:\program files (x86)\lucasarts\star wars jedi knight jedi academy (iii)\gamedata\source\debug\jk2cgame\walkernpc.sbr
e:\program files (x86)\lucasarts\star wars jedi knight jedi academy (iii)\gamedata\source\debug\jk2cgame\walkernpc.obj
e:\program files (x86)\lucasarts\star wars jedi knight jedi academy (iii)\gamedata\source\debug\jk2cgame\ui_shared.obj
e:\program files (x86)\lucasarts\star wars jedi knight jedi academy (iii)\gamedata\source\debug\jk2cgame\speedernpc.obj
e:\program files (x86)\lucasarts\star wars jedi knight jedi academy (iii)\gamedata\source\debug\jk2cgame\q_shared.obj
e:\program files (x86)\lucasarts\star wars jedi knight jedi academy (iii)\gamedata\source\debug\jk2cgame\q_math.obj
e:\program files (x86)\lucasarts\star wars jedi knight jedi academy (iii)\gamedata\source\debug\jk2cgame\fx_rocketlauncher.obj
e:\program files (x86)\lucasarts\star wars jedi knight jedi academy (iii)\gamedata\source\debug\jk2cgame\fx_heavyrepeater.obj
e:\program files (x86)\lucasarts\star wars jedi knight jedi academy (iii)\gamedata\source\debug\jk2cgame\fx_force.obj
e:\program files (x86)\lucasarts\star wars jedi knight jedi academy (iii)\gamedata\source\debug\jk2cgame\fx_flechette.obj
e:\program files (x86)\lucasarts\star wars jedi knight jedi academy (iii)\gamedata\source\debug\jk2cgame\fx_disruptor.obj
e:\program files (x86)\lucasarts\star wars jedi knight jedi academy (iii)\gamedata\source\debug\jk2cgame\fx_demp2.obj
e:\program files (x86)\lucasarts\star wars jedi knight jedi academy (iii)\gamedata\source\debug\jk2cgame\fx_bryarpistol.obj
e:\program files (x86)\lucasarts\star wars jedi knight jedi academy (iii)\gamedata\source\debug\jk2cgame\fx_bowcaster.obj
e:\program files (x86)\lucasarts\star wars jedi knight jedi academy (iii)\gamedata\source\debug\cgamex86.lib
e:\program files (x86)\lucasarts\star wars jedi knight jedi academy (iii)\gamedata\source\debug\cgamex86.exp
e:\program files (x86)\lucasarts\star wars jedi knight jedi academy (iii)\gamedata\source\debug\jk2cgame\cgamex86.ilk
e:\program files (x86)\lucasarts\star wars jedi knight jedi academy (iii)\gamedata\ojpenhanced\cgamex86.dll
e:\program files (x86)\lucasarts\star wars jedi knight jedi academy (iii)\gamedata\source\debug\jk2cgame\cgamex86.map
e:\program files (x86)\lucasarts\star wars jedi knight jedi academy (iii)\gamedata\source\debug\cgamex86.pdb
e:\program files (x86)\lucasarts\star wars jedi knight jedi academy (iii)\gamedata\source\debug\jk2cgame\jk2cgame.tlog\bscmake.command.1.tlog
e:\program files (x86)\lucasarts\star wars jedi knight jedi academy (iii)\gamedata\source\debug\jk2cgame\jk2cgame.tlog\bscmake.read.1.tlog
e:\program files (x86)\lucasarts\star wars jedi knight jedi academy (iii)\gamedata\source\debug\jk2cgame\jk2cgame.tlog\bscmake.write.1.tlog
e:\program files (x86)\lucasarts\star wars jedi knight jedi academy (iii)\gamedata\source\debug\jk2cgame\jk2cgame.tlog\cl.command.1.tlog
e:\program files (x86)\lucasarts\star wars jedi knight jedi academy (iii)\gamedata\source\debug\jk2cgame\jk2cgame.tlog\cl.read.1.tlog
e:\program files (x86)\lucasarts\star wars jedi knight jedi academy (iii)\gamedata\source\debug\jk2cgame\jk2cgame.tlog\cl.write.1.tlog
e:\program files (x86)\lucasarts\star wars jedi knight jedi academy (iii)\gamedata\source\debug\jk2cgame\jk2cgame.tlog\jk2cgame.write.1u.tlog
e:\program files (x86)\lucasarts\star wars jedi knight jedi academy (iii)\gamedata\source\debug\jk2cgame\jk2cgame.tlog\link.command.1.tlog
e:\program files (x86)\lucasarts\star wars jedi knight jedi academy (iii)\gamedata\source\debug\jk2cgame\jk2cgame.tlog\link.read.1.tlog
e:\program files (x86)\lucasarts\star wars jedi knight jedi academy (iii)\gamedata\source\debug\jk2cgame\jk2cgame.tlog\link.write.1.tlog
