  AnimalNPC.c
  bg_g2_utils.c
  bg_misc.c
  bg_panimate.c
  bg_pmove.c
  bg_saber.c
  bg_saberLoad.c
  bg_saga.c
  bg_slidemove.c
  bg_vehicleLoad.c
  bg_weapons.c
  cg_camera.c
  cg_consolecmds.c
  cg_draw.c
E:\Program Files (x86)\LucasArts\Star Wars Jedi Knight Jedi Academy (III)\GameData\source\cgame\cg_draw.c(2555,7): warning C4101: 'itemNdex': unreferenced local variable
  cg_drawtools.c
  cg_effects.c
  cg_ents.c
E:\Program Files (x86)\LucasArts\Star Wars Jedi Knight Jedi Academy (III)\GameData\source\cgame\cg_ents.c(905,156): warning C4047: 'function': 'const vec_t *' differs in levels of indirection from 'vec3_t (*)'
E:\Program Files (x86)\LucasArts\Star Wars Jedi Knight Jedi Academy (III)\GameData\source\cgame\cg_ents.c(905,123): warning C4024: 'trap_G2API_GetBoltMatrix': different types for formal and actual parameter 5
E:\Program Files (x86)\LucasArts\Star Wars Jedi Knight Jedi Academy (III)\GameData\source\cgame\cg_ents.c(906,73): warning C4047: 'function': 'const vec_t *' differs in levels of indirection from 'vec3_t (*)'
E:\Program Files (x86)\LucasArts\Star Wars Jedi Knight Jedi Academy (III)\GameData\source\cgame\cg_ents.c(906,39): warning C4024: 'trap_G2API_GetBoltMatrix': different types for formal and actual parameter 6
E:\Program Files (x86)\LucasArts\Star Wars Jedi Knight Jedi Academy (III)\GameData\source\cgame\cg_ents.c(906,134): warning C4047: 'function': 'vec_t *' differs in levels of indirection from 'vec3_t (*)'
E:\Program Files (x86)\LucasArts\Star Wars Jedi Knight Jedi Academy (III)\GameData\source\cgame\cg_ents.c(906,100): warning C4024: 'trap_G2API_GetBoltMatrix': different types for formal and actual parameter 9
E:\Program Files (x86)\LucasArts\Star Wars Jedi Knight Jedi Academy (III)\GameData\source\cgame\cg_ents.c(912,58): warning C4047: 'function': 'vec_t *' differs in levels of indirection from 'vec3_t (*)'
E:\Program Files (x86)\LucasArts\Star Wars Jedi Knight Jedi Academy (III)\GameData\source\cgame\cg_ents.c(912,54): warning C4024: 'BG_EvaluateTrajectory': different types for formal and actual parameter 3
E:\Program Files (x86)\LucasArts\Star Wars Jedi Knight Jedi Academy (III)\GameData\source\cgame\cg_ents.c(914,34): warning C4047: 'function': 'vec_t *' differs in levels of indirection from 'vec3_t (*)'
E:\Program Files (x86)\LucasArts\Star Wars Jedi Knight Jedi Academy (III)\GameData\source\cgame\cg_ents.c(914,25): warning C4024: 'CG_TestLine': different types for formal and actual parameter 1
E:\Program Files (x86)\LucasArts\Star Wars Jedi Knight Jedi Academy (III)\GameData\source\cgame\cg_ents.c(914,40): warning C4047: 'function': 'vec_t *' differs in levels of indirection from 'vec3_t (*)'
E:\Program Files (x86)\LucasArts\Star Wars Jedi Knight Jedi Academy (III)\GameData\source\cgame\cg_ents.c(914,36): warning C4024: 'CG_TestLine': different types for formal and actual parameter 2
E:\Program Files (x86)\LucasArts\Star Wars Jedi Knight Jedi Academy (III)\GameData\source\cgame\cg_ents.c(2662,156): warning C4047: 'function': 'const vec_t *' differs in levels of indirection from 'vec3_t (*)'
E:\Program Files (x86)\LucasArts\Star Wars Jedi Knight Jedi Academy (III)\GameData\source\cgame\cg_ents.c(2662,123): warning C4024: 'trap_G2API_GetBoltMatrix': different types for formal and actual parameter 5
E:\Program Files (x86)\LucasArts\Star Wars Jedi Knight Jedi Academy (III)\GameData\source\cgame\cg_ents.c(2663,73): warning C4047: 'function': 'const vec_t *' differs in levels of indirection from 'vec3_t (*)'
E:\Program Files (x86)\LucasArts\Star Wars Jedi Knight Jedi Academy (III)\GameData\source\cgame\cg_ents.c(2663,39): warning C4024: 'trap_G2API_GetBoltMatrix': different types for formal and actual parameter 6
E:\Program Files (x86)\LucasArts\Star Wars Jedi Knight Jedi Academy (III)\GameData\source\cgame\cg_ents.c(2663,134): warning C4047: 'function': 'vec_t *' differs in levels of indirection from 'vec3_t (*)'
E:\Program Files (x86)\LucasArts\Star Wars Jedi Knight Jedi Academy (III)\GameData\source\cgame\cg_ents.c(2663,100): warning C4024: 'trap_G2API_GetBoltMatrix': different types for formal and actual parameter 9
E:\Program Files (x86)\LucasArts\Star Wars Jedi Knight Jedi Academy (III)\GameData\source\cgame\cg_ents.c(2669,58): warning C4047: 'function': 'vec_t *' differs in levels of indirection from 'vec3_t (*)'
E:\Program Files (x86)\LucasArts\Star Wars Jedi Knight Jedi Academy (III)\GameData\source\cgame\cg_ents.c(2669,54): warning C4024: 'BG_EvaluateTrajectory': different types for formal and actual parameter 3
E:\Program Files (x86)\LucasArts\Star Wars Jedi Knight Jedi Academy (III)\GameData\source\cgame\cg_ents.c(2671,34): warning C4047: 'function': 'vec_t *' differs in levels of indirection from 'vec3_t (*)'
E:\Program Files (x86)\LucasArts\Star Wars Jedi Knight Jedi Academy (III)\GameData\source\cgame\cg_ents.c(2671,25): warning C4024: 'CG_TestLine': different types for formal and actual parameter 1
E:\Program Files (x86)\LucasArts\Star Wars Jedi Knight Jedi Academy (III)\GameData\source\cgame\cg_ents.c(2671,40): warning C4047: 'function': 'vec_t *' differs in levels of indirection from 'vec3_t (*)'
E:\Program Files (x86)\LucasArts\Star Wars Jedi Knight Jedi Academy (III)\GameData\source\cgame\cg_ents.c(2671,36): warning C4024: 'CG_TestLine': different types for formal and actual parameter 2
  cg_event.c
  cg_holster.c
  cg_info.c
  Generating Code...
  Compiling...
  cg_light.c
  cg_localents.c
  cg_main.c
  cg_marks.c
  cg_newDraw.c
  cg_players.c
  cg_playerstate.c
  cg_predict.c
  cg_saga.c
  cg_scoreboard.c
  cg_servercmds.c
  cg_snapshot.c
  cg_strap.c
  cg_syscalls.c
  cg_turret.c
  cg_view.c
  cg_weaponinit.c
  cg_weapons.c
  FighterNPC.c
  fx_blaster.c
  Generating Code...
  Compiling...
  fx_bowcaster.c
  fx_bryarpistol.c
  fx_demp2.c
  fx_disruptor.c
  fx_flechette.c
  fx_force.c
  fx_heavyrepeater.c
  fx_rocketlauncher.c
  q_math.c
  q_shared.c
  SpeederNPC.c
  ui_shared.c
  WalkerNPC.c
  Generating Code...
AnimalNPC.obj : warning LNK4075: ignoring '/EDITANDCONTINUE' due to '/SAFESEH' specification
     Creating library .\../Debug/cgamex86.lib and object .\../Debug/cgamex86.exp
  JK2_cgame.vcxproj -> E:\Program Files (x86)\LucasArts\Star Wars Jedi Knight Jedi Academy (III)\GameData\ojpenhanced\cgamex86.dll
