e:\program files (x86)\lucasarts\star wars jedi knight jedi academy (iii)\gamedata\ojpenhanced\uix86.bsc
e:\program files (x86)\lucasarts\star wars jedi knight jedi academy (iii)\gamedata\source\debug\ui\vc143.pdb
e:\program files (x86)\lucasarts\star wars jedi knight jedi academy (iii)\gamedata\source\debug\ui\vc143.idb
e:\program files (x86)\lucasarts\star wars jedi knight jedi academy (iii)\gamedata\source\debug\ui\bg_misc.sbr
e:\program files (x86)\lucasarts\star wars jedi knight jedi academy (iii)\gamedata\source\debug\ui\bg_saga.sbr
e:\program files (x86)\lucasarts\star wars jedi knight jedi academy (iii)\gamedata\source\debug\ui\bg_vehicleload.sbr
e:\program files (x86)\lucasarts\star wars jedi knight jedi academy (iii)\gamedata\source\debug\ui\bg_weapons.sbr
e:\program files (x86)\lucasarts\star wars jedi knight jedi academy (iii)\gamedata\source\debug\ui\q_math.sbr
e:\program files (x86)\lucasarts\star wars jedi knight jedi academy (iii)\gamedata\source\debug\ui\q_shared.sbr
e:\program files (x86)\lucasarts\star wars jedi knight jedi academy (iii)\gamedata\source\debug\ui\ui_atoms.sbr
e:\program files (x86)\lucasarts\star wars jedi knight jedi academy (iii)\gamedata\source\debug\ui\ui_force.sbr
e:\program files (x86)\lucasarts\star wars jedi knight jedi academy (iii)\gamedata\source\debug\ui\ui_gameinfo.sbr
e:\program files (x86)\lucasarts\star wars jedi knight jedi academy (iii)\gamedata\source\debug\ui\ui_main.sbr
e:\program files (x86)\lucasarts\star wars jedi knight jedi academy (iii)\gamedata\source\debug\ui\ui_saber.sbr
e:\program files (x86)\lucasarts\star wars jedi knight jedi academy (iii)\gamedata\source\debug\ui\ui_shared.sbr
e:\program files (x86)\lucasarts\star wars jedi knight jedi academy (iii)\gamedata\source\debug\ui\ui_syscalls.sbr
e:\program files (x86)\lucasarts\star wars jedi knight jedi academy (iii)\gamedata\source\debug\ui\ui_syscalls.obj
e:\program files (x86)\lucasarts\star wars jedi knight jedi academy (iii)\gamedata\source\debug\ui\ui_shared.obj
e:\program files (x86)\lucasarts\star wars jedi knight jedi academy (iii)\gamedata\source\debug\ui\ui_saber.obj
e:\program files (x86)\lucasarts\star wars jedi knight jedi academy (iii)\gamedata\source\debug\ui\ui_main.obj
e:\program files (x86)\lucasarts\star wars jedi knight jedi academy (iii)\gamedata\source\debug\ui\ui_gameinfo.obj
e:\program files (x86)\lucasarts\star wars jedi knight jedi academy (iii)\gamedata\source\debug\ui\ui_force.obj
e:\program files (x86)\lucasarts\star wars jedi knight jedi academy (iii)\gamedata\source\debug\ui\ui_atoms.obj
e:\program files (x86)\lucasarts\star wars jedi knight jedi academy (iii)\gamedata\source\debug\ui\q_shared.obj
e:\program files (x86)\lucasarts\star wars jedi knight jedi academy (iii)\gamedata\source\debug\ui\q_math.obj
e:\program files (x86)\lucasarts\star wars jedi knight jedi academy (iii)\gamedata\source\debug\ui\bg_weapons.obj
e:\program files (x86)\lucasarts\star wars jedi knight jedi academy (iii)\gamedata\source\debug\ui\bg_vehicleload.obj
e:\program files (x86)\lucasarts\star wars jedi knight jedi academy (iii)\gamedata\source\debug\ui\bg_saga.obj
e:\program files (x86)\lucasarts\star wars jedi knight jedi academy (iii)\gamedata\source\debug\ui\bg_misc.obj
e:\program files (x86)\lucasarts\star wars jedi knight jedi academy (iii)\gamedata\source\debug\ui\uix86.ilk
e:\program files (x86)\lucasarts\star wars jedi knight jedi academy (iii)\gamedata\ojpenhanced\uix86.dll
e:\program files (x86)\lucasarts\star wars jedi knight jedi academy (iii)\gamedata\source\debug\uix86.map
e:\program files (x86)\lucasarts\star wars jedi knight jedi academy (iii)\gamedata\source\debug\uix86.pdb
e:\program files (x86)\lucasarts\star wars jedi knight jedi academy (iii)\gamedata\source\debug\uix86.lib
e:\program files (x86)\lucasarts\star wars jedi knight jedi academy (iii)\gamedata\source\debug\uix86.exp
e:\program files (x86)\lucasarts\star wars jedi knight jedi academy (iii)\gamedata\source\debug\ui\ui.tlog\bscmake.command.1.tlog
e:\program files (x86)\lucasarts\star wars jedi knight jedi academy (iii)\gamedata\source\debug\ui\ui.tlog\bscmake.read.1.tlog
e:\program files (x86)\lucasarts\star wars jedi knight jedi academy (iii)\gamedata\source\debug\ui\ui.tlog\bscmake.write.1.tlog
e:\program files (x86)\lucasarts\star wars jedi knight jedi academy (iii)\gamedata\source\debug\ui\ui.tlog\cl.command.1.tlog
e:\program files (x86)\lucasarts\star wars jedi knight jedi academy (iii)\gamedata\source\debug\ui\ui.tlog\cl.read.1.tlog
e:\program files (x86)\lucasarts\star wars jedi knight jedi academy (iii)\gamedata\source\debug\ui\ui.tlog\cl.write.1.tlog
e:\program files (x86)\lucasarts\star wars jedi knight jedi academy (iii)\gamedata\source\debug\ui\ui.tlog\link.command.1.tlog
e:\program files (x86)\lucasarts\star wars jedi knight jedi academy (iii)\gamedata\source\debug\ui\ui.tlog\link.read.1.tlog
e:\program files (x86)\lucasarts\star wars jedi knight jedi academy (iii)\gamedata\source\debug\ui\ui.tlog\link.write.1.tlog
e:\program files (x86)\lucasarts\star wars jedi knight jedi academy (iii)\gamedata\source\debug\ui\ui.tlog\ui.write.1u.tlog
